<?xml version="1.0" encoding="UTF-8"?>
<testng-results skipped="0" failed="0" total="4" passed="4">
  <reporter-output>
  </reporter-output>
  <suite name="Tests" duration-ms="32322" started-at="2015-04-23T08:09:10Z" finished-at="2015-04-23T08:09:43Z">
    <groups>
    </groups>
    <test name="Tests" duration-ms="32322" started-at="2015-04-23T08:09:10Z" finished-at="2015-04-23T08:09:43Z">
      <class name="luckyLabs.Tests">
        <test-method status="PASS" signature="initTestSuite()[pri:0, instance:luckyLabs.Tests@3f3afe78]" name="initTestSuite" is-config="true" duration-ms="13" started-at="2015-04-23T11:09:10Z" finished-at="2015-04-23T11:09:10Z">
          <reporter-output>
          </reporter-output>
        </test-method> <!-- initTestSuite -->
        <test-method status="PASS" signature="initWebDriver()[pri:0, instance:luckyLabs.Tests@3f3afe78]" name="initWebDriver" is-config="true" duration-ms="6875" started-at="2015-04-23T11:09:10Z" finished-at="2015-04-23T11:09:17Z">
          <reporter-output>
          </reporter-output>
        </test-method> <!-- initWebDriver -->
        <test-method status="PASS" signature="initPageObjects()[pri:0, instance:luckyLabs.Tests@3f3afe78]" name="initPageObjects" is-config="true" duration-ms="23" started-at="2015-04-23T11:09:17Z" finished-at="2015-04-23T11:09:17Z">
          <reporter-output>
          </reporter-output>
        </test-method> <!-- initPageObjects -->
        <test-method status="PASS" signature="googleValidLogin()[pri:0, instance:luckyLabs.Tests@3f3afe78]" name="googleValidLogin" duration-ms="10793" started-at="2015-04-23T11:09:17Z" finished-at="2015-04-23T11:09:28Z">
          <reporter-output>
          </reporter-output>
        </test-method> <!-- googleValidLogin -->
        <test-method status="PASS" signature="quitIfLoggedIn()[pri:0, instance:luckyLabs.Tests@3f3afe78]" name="quitIfLoggedIn" is-config="true" duration-ms="923" started-at="2015-04-23T11:09:28Z" finished-at="2015-04-23T11:09:29Z">
          <reporter-output>
          </reporter-output>
        </test-method> <!-- quitIfLoggedIn -->
        <test-method status="PASS" signature="initWebDriver()[pri:0, instance:luckyLabs.Tests@3f3afe78]" name="initWebDriver" is-config="true" duration-ms="63" started-at="2015-04-23T11:09:29Z" finished-at="2015-04-23T11:09:29Z">
          <reporter-output>
          </reporter-output>
        </test-method> <!-- initWebDriver -->
        <test-method status="PASS" signature="initPageObjects()[pri:0, instance:luckyLabs.Tests@3f3afe78]" name="initPageObjects" is-config="true" duration-ms="4" started-at="2015-04-23T11:09:29Z" finished-at="2015-04-23T11:09:29Z">
          <reporter-output>
          </reporter-output>
        </test-method> <!-- initPageObjects -->
        <test-method status="PASS" signature="indexInfoMenuTesting()[pri:0, instance:luckyLabs.Tests@3f3afe78]" name="indexInfoMenuTesting" duration-ms="1796" started-at="2015-04-23T11:09:29Z" finished-at="2015-04-23T11:09:31Z">
          <reporter-output>
          </reporter-output>
        </test-method> <!-- indexInfoMenuTesting -->
        <test-method status="PASS" signature="quitIfLoggedIn()[pri:0, instance:luckyLabs.Tests@3f3afe78]" name="quitIfLoggedIn" is-config="true" duration-ms="22" started-at="2015-04-23T11:09:31Z" finished-at="2015-04-23T11:09:31Z">
          <reporter-output>
          </reporter-output>
        </test-method> <!-- quitIfLoggedIn -->
        <test-method status="PASS" signature="initWebDriver()[pri:0, instance:luckyLabs.Tests@3f3afe78]" name="initWebDriver" is-config="true" duration-ms="53" started-at="2015-04-23T11:09:31Z" finished-at="2015-04-23T11:09:31Z">
          <reporter-output>
          </reporter-output>
        </test-method> <!-- initWebDriver -->
        <test-method status="PASS" signature="initPageObjects()[pri:0, instance:luckyLabs.Tests@3f3afe78]" name="initPageObjects" is-config="true" duration-ms="5" started-at="2015-04-23T11:09:31Z" finished-at="2015-04-23T11:09:31Z">
          <reporter-output>
          </reporter-output>
        </test-method> <!-- initPageObjects -->
        <test-method status="PASS" signature="playDemoBookOfRa()[pri:0, instance:luckyLabs.Tests@3f3afe78]" name="playDemoBookOfRa" duration-ms="5234" started-at="2015-04-23T11:09:31Z" finished-at="2015-04-23T11:09:36Z">
          <reporter-output>
          </reporter-output>
        </test-method> <!-- playDemoBookOfRa -->
        <test-method status="PASS" signature="quitIfLoggedIn()[pri:0, instance:luckyLabs.Tests@3f3afe78]" name="quitIfLoggedIn" is-config="true" duration-ms="69" started-at="2015-04-23T11:09:36Z" finished-at="2015-04-23T11:09:36Z">
          <reporter-output>
          </reporter-output>
        </test-method> <!-- quitIfLoggedIn -->
        <test-method status="PASS" signature="initWebDriver()[pri:0, instance:luckyLabs.Tests@3f3afe78]" name="initWebDriver" is-config="true" duration-ms="61" started-at="2015-04-23T11:09:36Z" finished-at="2015-04-23T11:09:36Z">
          <reporter-output>
          </reporter-output>
        </test-method> <!-- initWebDriver -->
        <test-method status="PASS" signature="initPageObjects()[pri:0, instance:luckyLabs.Tests@3f3afe78]" name="initPageObjects" is-config="true" duration-ms="7" started-at="2015-04-23T11:09:36Z" finished-at="2015-04-23T11:09:36Z">
          <reporter-output>
          </reporter-output>
        </test-method> <!-- initPageObjects -->
        <test-method status="PASS" signature="validLogin()[pri:0, instance:luckyLabs.Tests@3f3afe78]" name="validLogin" duration-ms="5493" started-at="2015-04-23T11:09:36Z" finished-at="2015-04-23T11:09:42Z">
          <reporter-output>
          </reporter-output>
        </test-method> <!-- validLogin -->
        <test-method status="PASS" signature="quitIfLoggedIn()[pri:0, instance:luckyLabs.Tests@3f3afe78]" name="quitIfLoggedIn" is-config="true" duration-ms="887" started-at="2015-04-23T11:09:42Z" finished-at="2015-04-23T11:09:43Z">
          <reporter-output>
          </reporter-output>
        </test-method> <!-- quitIfLoggedIn -->
        <test-method status="PASS" signature="tearDown()[pri:0, instance:luckyLabs.Tests@3f3afe78]" name="tearDown" is-config="true" duration-ms="876" started-at="2015-04-23T11:09:43Z" finished-at="2015-04-23T11:09:44Z">
          <reporter-output>
          </reporter-output>
        </test-method> <!-- tearDown -->
      </class> <!-- luckyLabs.Tests -->
    </test> <!-- Tests -->
  </suite> <!-- Tests -->
</testng-results>
