<?xml version="1.0" encoding="UTF-8"?>
<!-- Generated by org.testng.reporters.JUnitXMLReporter -->
<testsuite hostname="ievgenii" name="Tests" tests="4" failures="0" timestamp="23 Apr 2015 08:09:43 GMT" time="32.322" errors="0">
  <testcase name="googleValidLogin" time="10.793" classname="luckyLabs.Tests"/>
  <testcase name="indexInfoMenuTesting" time="1.796" classname="luckyLabs.Tests"/>
  <testcase name="playDemoBookOfRa" time="5.234" classname="luckyLabs.Tests"/>
  <testcase name="validLogin" time="5.493" classname="luckyLabs.Tests"/>
</testsuite> <!-- Tests -->
